<?xml version="1.0" encoding="UTF-8"?>
<!-- Generated by org.testng.reporters.JUnitReportReporter -->
<testsuite hostname="DESKTOP-KR227GK" failures="0" tests="1" name="tests.SearchCustomer" time="13.244" errors="0" timestamp="2 Aug 2023 08:13:48 GMT">
  <testcase classname="tests.SearchCustomer" name="searchCustomerbyEmail" time="13.244"/>
</testsuite> <!-- tests.SearchCustomer -->
