<?xml version="1.0" encoding="UTF-8"?>
<!-- Generated by org.testng.reporters.JUnitReportReporter -->
<testsuite hostname="DESKTOP-KR227GK" failures="0" tests="4" name="ddtExample.NOpCommLogin" time="53.195" errors="0" timestamp="1 Aug 2023 12:45:53 GMT">
  <testcase classname="ddtExample.NOpCommLogin" name="verifyLoginWithInvalidcred" time="13.131"/>
  <testcase classname="ddtExample.NOpCommLogin" name="verifyLoginWithInvalidcred" time="13.915"/>
  <testcase classname="ddtExample.NOpCommLogin" name="verifyLoginWithInvalidcred" time="13.062"/>
  <testcase classname="ddtExample.NOpCommLogin" name="verifyLoginWithInvalidcred" time="13.087"/>
</testsuite> <!-- ddtExample.NOpCommLogin -->
